<?xml version="1.0" encoding="UTF-8"?>
<testsuite xmlns:xsi="http://www.w3.org/2001/XMLSchema-instance" xsi:noNamespaceSchemaLocation="https://maven.apache.org/surefire/maven-surefire-plugin/xsd/surefire-test-report-3.0.xsd" version="3.0" name="com.example.TrainModule.TrainModuleApplicationTests" time="9.835" tests="9" errors="5" skipped="0" failures="1">
  <properties>
[...]
</properties>
  <testcase name="testDeleteTrain" classname="com.example.TrainModule.TrainModuleApplicationTests" time="0.118">
    <error message="Cannot invoke &quot;com.example.TrainModule.service.TrainService.deleteTrain(String)&quot; because &quot;this.trainService&quot; is null" type="java.lang.NullPointerException"><![CDATA[java.lang.NullPointerException: Cannot invoke "com.example.TrainModule.service.TrainService.deleteTrain(String)" because "this.trainService" is null
	at com.example.TrainModule.controller.TrainController.deleteTrain(TrainController.java:95)
	at com.example.TrainModule.TrainModuleApplicationTests.testDeleteTrain(TrainModuleApplicationTests.java:202)
	at java.base/java.lang.reflect.Method.invoke(Method.java:568)
	at java.base/java.util.ArrayList.forEach(ArrayList.java:1511)
	at java.base/java.util.ArrayList.forEach(ArrayList.java:1511)
]]></error>
    <system-out><![CDATA[16:51:18.245 [main] INFO org.springframework.test.context.support.AnnotationConfigContextLoaderUtils -- Could not detect default configuration classes for test class [com.example.TrainModule.TrainModuleApplicationTests]: TrainModuleApplicationTests does not declare any static, non-private, non-final, nested classes annotated with @Configuration.
16:51:18.455 [main] INFO org.springframework.boot.test.context.SpringBootTestContextBootstrapper -- Found @SpringBootConfiguration com.example.TrainModule.TrainModuleApplication for test class com.example.TrainModule.TrainModuleApplicationTests

  .   ____          _            __ _ _
 /\\ / ___'_ __ _ _(_)_ __  __ _ \ \ \ \
( ( )\___ | '_ | '_| | '_ \/ _` | \ \ \ \
 \\/  ___)| |_)| | | | | || (_| |  ) ) ) )
  '  |____| .__|_| |_|_| |_\__, | / / / /
 =========|_|==============|___/=/_/_/_/
 :: Spring Boot ::                (v3.2.0)

2024-02-19T16:51:19.207+05:30  INFO 3448 --- [TRAIN-SERVICE] [           main] c.e.T.TrainModuleApplicationTests        : Starting TrainModuleApplicationTests using Java 17.0.9 with PID 3448 (started by prpopatk in C:\Users\PRPOPATK\Pictures\Online_Train_Ticket_Booking\Backend\TrainModule)
2024-02-19T16:51:19.209+05:30  INFO 3448 --- [TRAIN-SERVICE] [           main] c.e.T.TrainModuleApplicationTests        : No active profile set, falling back to 1 default profile: "default"
2024-02-19T16:51:20.622+05:30  INFO 3448 --- [TRAIN-SERVICE] [           main] .s.d.r.c.RepositoryConfigurationDelegate : Multiple Spring Data modules found, entering strict repository configuration mode
2024-02-19T16:51:20.625+05:30  INFO 3448 --- [TRAIN-SERVICE] [           main] .s.d.r.c.RepositoryConfigurationDelegate : Bootstrapping Spring Data MongoDB repositories in DEFAULT mode.
2024-02-19T16:51:20.731+05:30  INFO 3448 --- [TRAIN-SERVICE] [           main] .s.d.r.c.RepositoryConfigurationDelegate : Finished Spring Data repository scanning in 99 ms. Found 1 MongoDB repository interface.
2024-02-19T16:51:21.084+05:30  INFO 3448 --- [TRAIN-SERVICE] [           main] o.s.cloud.context.scope.GenericScope     : BeanFactory id=012f3d07-97b0-36c4-ba96-67fb400f863f
2024-02-19T16:51:21.678+05:30  INFO 3448 --- [TRAIN-SERVICE] [           main] org.mongodb.driver.client                : MongoClient with metadata {"driver": {"name": "mongo-java-driver|sync|spring-boot", "version": "4.11.1"}, "os": {"type": "Windows", "name": "Windows 11", "architecture": "amd64", "version": "10.0"}, "platform": "Java/Eclipse Adoptium/17.0.9+9"} created with settings MongoClientSettings{readPreference=primary, writeConcern=WriteConcern{w=null, wTimeout=null ms, journal=null}, retryWrites=true, retryReads=true, readConcern=ReadConcern{level=null}, credential=null, transportSettings=null, streamFactoryFactory=null, commandListeners=[], codecRegistry=ProvidersCodecRegistry{codecProviders=[ValueCodecProvider{}, BsonValueCodecProvider{}, DBRefCodecProvider{}, DBObjectCodecProvider{}, DocumentCodecProvider{}, CollectionCodecProvider{}, IterableCodecProvider{}, MapCodecProvider{}, GeoJsonCodecProvider{}, GridFSFileCodecProvider{}, Jsr310CodecProvider{}, JsonObjectCodecProvider{}, BsonCodecProvider{}, EnumCodecProvider{}, com.mongodb.client.model.mql.ExpressionCodecProvider@76216830, com.mongodb.Jep395RecordCodecProvider@7aded903, com.mongodb.KotlinCodecProvider@2db86a7c]}, loggerSettings=LoggerSettings{maxDocumentLength=1000}, clusterSettings={hosts=[localhost:27017], srvServiceName=mongodb, mode=SINGLE, requiredClusterType=UNKNOWN, requiredReplicaSetName='null', serverSelector='null', clusterListeners='[]', serverSelectionTimeout='30000 ms', localThreshold='15 ms'}, socketSettings=SocketSettings{connectTimeoutMS=10000, readTimeoutMS=0, receiveBufferSize=0, proxySettings=ProxySettings{host=null, port=null, username=null, password=null}}, heartbeatSocketSettings=SocketSettings{connectTimeoutMS=10000, readTimeoutMS=10000, receiveBufferSize=0, proxySettings=ProxySettings{host=null, port=null, username=null, password=null}}, connectionPoolSettings=ConnectionPoolSettings{maxSize=100, minSize=0, maxWaitTimeMS=120000, maxConnectionLifeTimeMS=0, maxConnectionIdleTimeMS=0, maintenanceInitialDelayMS=0, maintenanceFrequencyMS=60000, connectionPoolListeners=[], maxConnecting=2}, serverSettings=ServerSettings{heartbeatFrequencyMS=10000, minHeartbeatFrequencyMS=500, serverListeners='[]', serverMonitorListeners='[]'}, sslSettings=SslSettings{enabled=false, invalidHostNameAllowed=false, context=null}, applicationName='null', compressorList=[], uuidRepresentation=JAVA_LEGACY, serverApi=null, autoEncryptionSettings=null, dnsClient=null, inetAddressResolver=null, contextProvider=null}
2024-02-19T16:51:21.720+05:30  INFO 3448 --- [TRAIN-SERVICE] [localhost:27017] org.mongodb.driver.cluster               : Monitor thread successfully connected to server with description ServerDescription{address=localhost:27017, type=STANDALONE, state=CONNECTED, ok=true, minWireVersion=0, maxWireVersion=21, maxDocumentSize=16777216, logicalSessionTimeoutMinutes=30, roundTripTimeNanos=42029600}
2024-02-19T16:51:24.725+05:30  INFO 3448 --- [TRAIN-SERVICE] [           main] DiscoveryClientOptionalArgsConfiguration : Eureka HTTP Client uses RestTemplate.
2024-02-19T16:51:24.945+05:30  INFO 3448 --- [TRAIN-SERVICE] [           main] o.s.c.n.eureka.InstanceInfoFactory       : Setting initial instance status as: STARTING
2024-02-19T16:51:25.091+05:30  INFO 3448 --- [TRAIN-SERVICE] [           main] com.netflix.discovery.DiscoveryClient    : Initializing Eureka in region us-east-1
2024-02-19T16:51:25.104+05:30  INFO 3448 --- [TRAIN-SERVICE] [           main] c.n.d.s.r.aws.ConfigClusterResolver      : Resolving eureka endpoints via configuration
2024-02-19T16:51:25.140+05:30  INFO 3448 --- [TRAIN-SERVICE] [           main] com.netflix.discovery.DiscoveryClient    : Disable delta property : false
2024-02-19T16:51:25.140+05:30  INFO 3448 --- [TRAIN-SERVICE] [           main] com.netflix.discovery.DiscoveryClient    : Single vip registry refresh property : null
2024-02-19T16:51:25.140+05:30  INFO 3448 --- [TRAIN-SERVICE] [           main] com.netflix.discovery.DiscoveryClient    : Force full registry fetch : false
2024-02-19T16:51:25.140+05:30  INFO 3448 --- [TRAIN-SERVICE] [           main] com.netflix.discovery.DiscoveryClient    : Application is null : false
2024-02-19T16:51:25.140+05:30  INFO 3448 --- [TRAIN-SERVICE] [           main] com.netflix.discovery.DiscoveryClient    : Registered Applications size is zero : true
2024-02-19T16:51:25.140+05:30  INFO 3448 --- [TRAIN-SERVICE] [           main] com.netflix.discovery.DiscoveryClient    : Application version is -1: true
2024-02-19T16:51:25.140+05:30  INFO 3448 --- [TRAIN-SERVICE] [           main] com.netflix.discovery.DiscoveryClient    : Getting all instance registry info from the eureka server
2024-02-19T16:51:25.656+05:30  INFO 3448 --- [TRAIN-SERVICE] [           main] com.netflix.discovery.DiscoveryClient    : The response status is 200
2024-02-19T16:51:25.663+05:30  INFO 3448 --- [TRAIN-SERVICE] [           main] com.netflix.discovery.DiscoveryClient    : Starting heartbeat executor: renew interval is: 30
2024-02-19T16:51:25.669+05:30  INFO 3448 --- [TRAIN-SERVICE] [           main] c.n.discovery.InstanceInfoReplicator     : InstanceInfoReplicator onDemand update allowed rate per min is 4
2024-02-19T16:51:25.679+05:30  INFO 3448 --- [TRAIN-SERVICE] [           main] com.netflix.discovery.DiscoveryClient    : Discovery Client initialized at timestamp 1708341685677 with initial instances count: 1
2024-02-19T16:51:25.682+05:30  INFO 3448 --- [TRAIN-SERVICE] [           main] o.s.c.n.e.s.EurekaServiceRegistry        : Registering application TRAIN-SERVICE with eureka with status UP
2024-02-19T16:51:25.682+05:30  INFO 3448 --- [TRAIN-SERVICE] [           main] com.netflix.discovery.DiscoveryClient    : Saw local status change event StatusChangeEvent [timestamp=1708341685682, current=UP, previous=STARTING]
2024-02-19T16:51:25.686+05:30  INFO 3448 --- [TRAIN-SERVICE] [nfoReplicator-0] com.netflix.discovery.DiscoveryClient    : DiscoveryClient_TRAIN-SERVICE/LCG-vGSMpiBj0nf.corp.capgemini.com:TRAIN-SERVICE:8080: registering service...
2024-02-19T16:51:25.695+05:30  INFO 3448 --- [TRAIN-SERVICE] [           main] c.e.T.TrainModuleApplicationTests        : Started TrainModuleApplicationTests in 6.993 seconds (process running for 8.774)
2024-02-19T16:51:25.747+05:30  INFO 3448 --- [TRAIN-SERVICE] [nfoReplicator-0] com.netflix.discovery.DiscoveryClient    : DiscoveryClient_TRAIN-SERVICE/LCG-vGSMpiBj0nf.corp.capgemini.com:TRAIN-SERVICE:8080 - registration status: 204
]]></system-out>
  </testcase>
  <testcase name="createTrain_ValidTrain_ReturnsCreatedTrain" classname="com.example.TrainModule.TrainModuleApplicationTests" time="0.037">
    <failure message="&#10;Wanted but not invoked:&#10;trainInterface.save(&#10;    &lt;any com.example.TrainModule.entity.Train&gt;&#10;);&#10;-&gt; at com.example.TrainModule.TrainModuleApplicationTests.createTrain_ValidTrain_ReturnsCreatedTrain(TrainModuleApplicationTests.java:87)&#10;Actually, there were zero interactions with this mock.&#10;" type="Wanted but not invoked"><![CDATA[Wanted but not invoked:
trainInterface.save(
    <any com.example.TrainModule.entity.Train>
);
-> at com.example.TrainModule.TrainModuleApplicationTests.createTrain_ValidTrain_ReturnsCreatedTrain(TrainModuleApplicationTests.java:87)
Actually, there were zero interactions with this mock.

	at com.example.TrainModule.TrainModuleApplicationTests.createTrain_ValidTrain_ReturnsCreatedTrain(TrainModuleApplicationTests.java:87)
	at java.base/java.lang.reflect.Method.invoke(Method.java:568)
	at java.base/java.util.ArrayList.forEach(ArrayList.java:1511)
	at java.base/java.util.ArrayList.forEach(ArrayList.java:1511)
]]></failure>
  </testcase>
  <testcase name="testGetSeatsByID" classname="com.example.TrainModule.TrainModuleApplicationTests" time="0.017"/>
  <testcase name="getAllTrains_ReturnsListOfTrains" classname="com.example.TrainModule.TrainModuleApplicationTests" time="0.007">
    <error message="Cannot invoke &quot;com.example.TrainModule.service.TrainService.getAllTrains()&quot; because &quot;this.trainService&quot; is null" type="java.lang.NullPointerException"><![CDATA[java.lang.NullPointerException: Cannot invoke "com.example.TrainModule.service.TrainService.getAllTrains()" because "this.trainService" is null
	at com.example.TrainModule.controller.TrainController.getAllTrains(TrainController.java:42)
	at com.example.TrainModule.TrainModuleApplicationTests.getAllTrains_ReturnsListOfTrains(TrainModuleApplicationTests.java:68)
	at java.base/java.lang.reflect.Method.invoke(Method.java:568)
	at java.base/java.util.ArrayList.forEach(ArrayList.java:1511)
	at java.base/java.util.ArrayList.forEach(ArrayList.java:1511)
]]></error>
  </testcase>
  <testcase name="testUpdateTrain" classname="com.example.TrainModule.TrainModuleApplicationTests" time="0.005">
    <error message="Cannot invoke &quot;com.example.TrainModule.service.TrainService.updateTrain(String, com.example.TrainModule.entity.Train)&quot; because &quot;this.trainService&quot; is null" type="java.lang.NullPointerException"><![CDATA[java.lang.NullPointerException: Cannot invoke "com.example.TrainModule.service.TrainService.updateTrain(String, com.example.TrainModule.entity.Train)" because "this.trainService" is null
	at com.example.TrainModule.controller.TrainController.updateTrain(TrainController.java:85)
	at com.example.TrainModule.TrainModuleApplicationTests.testUpdateTrain(TrainModuleApplicationTests.java:173)
	at java.base/java.lang.reflect.Method.invoke(Method.java:568)
	at java.base/java.util.ArrayList.forEach(ArrayList.java:1511)
	at java.base/java.util.ArrayList.forEach(ArrayList.java:1511)
]]></error>
  </testcase>
  <testcase name="getTrainOfBooking_ExistingTrain_ReturnsTrain" classname="com.example.TrainModule.TrainModuleApplicationTests" time="0.006">
    <error message="Cannot invoke &quot;com.example.TrainModule.service.TrainService.getTrainByIds(String)&quot; because &quot;this.trainService&quot; is null" type="java.lang.NullPointerException"><![CDATA[java.lang.NullPointerException: Cannot invoke "com.example.TrainModule.service.TrainService.getTrainByIds(String)" because "this.trainService" is null
	at com.example.TrainModule.controller.TrainController.getTrainOfBooking(TrainController.java:49)
	at com.example.TrainModule.TrainModuleApplicationTests.getTrainOfBooking_ExistingTrain_ReturnsTrain(TrainModuleApplicationTests.java:107)
	at java.base/java.lang.reflect.Method.invoke(Method.java:568)
	at java.base/java.util.ArrayList.forEach(ArrayList.java:1511)
	at java.base/java.util.ArrayList.forEach(ArrayList.java:1511)
]]></error>
  </testcase>
  <testcase name="testDeleteTrain_WithNonexistentTrain" classname="com.example.TrainModule.TrainModuleApplicationTests" time="0.006"/>
  <testcase name="contextLoads" classname="com.example.TrainModule.TrainModuleApplicationTests" time="0.004"/>
  <testcase name="testSearchTrains" classname="com.example.TrainModule.TrainModuleApplicationTests" time="0.005">
    <error message="Cannot invoke &quot;com.example.TrainModule.service.TrainService.searchTrain(String, String, java.util.Date)&quot; because &quot;this.trainService&quot; is null" type="java.lang.NullPointerException"><![CDATA[java.lang.NullPointerException: Cannot invoke "com.example.TrainModule.service.TrainService.searchTrain(String, String, java.util.Date)" because "this.trainService" is null
	at com.example.TrainModule.controller.TrainController.searchTrains(TrainController.java:65)
	at com.example.TrainModule.TrainModuleApplicationTests.testSearchTrains(TrainModuleApplicationTests.java:145)
	at java.base/java.lang.reflect.Method.invoke(Method.java:568)
	at java.base/java.util.ArrayList.forEach(ArrayList.java:1511)
	at java.base/java.util.ArrayList.forEach(ArrayList.java:1511)
]]></error>
  </testcase>
</testsuite>